<?xml version="1.0" encoding="UTF-8"?>
<!-- Generated by org.testng.reporters.JUnitReportReporter -->
<testsuite hostname="HP" failures="0" tests="1" name="automationscript.DragAndDrop" time="2.568" errors="0" timestamp="2024-01-24T17:10:33 IST" skipped="0">
  <testcase classname="automationscript.DragAndDrop" name="dragAndDrop" time="2.568"/>
  <system-out/>
</testsuite> <!-- automationscript.DragAndDrop -->
