<?xml version="1.0" encoding="UTF-8"?>
<!-- Generated by org.testng.reporters.JUnitReportReporter -->
<testsuite hostname="HP" failures="0" tests="1" name="automationscript.ImageAltText" time="82.158" errors="0" timestamp="2024-01-24T15:09:55 IST" skipped="0">
  <testcase classname="automationscript.ImageAltText" name="altText" time="82.158"/>
  <system-out/>
</testsuite> <!-- automationscript.ImageAltText -->
