<?xml version="1.0" encoding="UTF-8"?>
<!-- Generated by org.testng.reporters.JUnitReportReporter -->
<testsuite hostname="HP" failures="0" tests="1" name="automationscript.DropDown" time="0.575" errors="0" timestamp="2024-01-28T09:19:21 IST" skipped="0">
  <testcase classname="automationscript.DropDown" name="dropDown" time="0.575"/>
  <system-out/>
</testsuite> <!-- automationscript.DropDown -->
