<?xml version="1.0" encoding="UTF-8"?>
<!-- Generated by org.testng.reporters.JUnitReportReporter -->
<testsuite hostname="HP" failures="0" tests="1" name="automationscript.ImageSize" time="78.898" errors="0" timestamp="21 Jan 2024 00:43:31 GMT" skipped="0">
  <testcase classname="automationscript.ImageSize" name="findBrokenLink" time="78.898"/>
</testsuite> <!-- automationscript.ImageSize -->
