<?xml version="1.0" encoding="UTF-8"?>
<!-- Generated by org.testng.reporters.JUnitReportReporter -->
<testsuite hostname="HP" failures="0" tests="1" name="automationscript.FormAutomation" time="12.143" errors="0" timestamp="2024-01-22T07:26:34 IST" skipped="0">
  <testcase classname="automationscript.FormAutomation" name="formFill" time="12.143"/>
  <system-out/>
</testsuite> <!-- automationscript.FormAutomation -->
