<?xml version="1.0" encoding="UTF-8"?>
<!-- Generated by org.testng.reporters.JUnitReportReporter -->
<testsuite hostname="DESKTOP-2I6OO9C" failures="0" tests="1" name="esyaHes.GetBLP3" time="1.733" errors="0" timestamp="2 Mar 2024 15:26:06 GMT">
  <testcase classname="esyaHes.GetBLP3" name="getRequest" time="1.733"/>
</testsuite> <!-- esyaHes.GetBLP3 -->
